<?xml version="1.0" encoding="UTF-8"?>
<!-- Generated by org.testng.reporters.JUnitReportReporter -->
<testsuite hostname="DESKTOP-QPB2JR7" name="com.acti.Testcase.LoginPageTest" tests="4" failures="0" timestamp="20 May 2020 20:29:15 GMT" time="52.602" errors="0">
  <testcase name="TestLoginPageTitle" time="14.307" classname="com.acti.Testcase.LoginPageTest"/>
  <testcase name="TestverifyactiLogo" time="12.432" classname="com.acti.Testcase.LoginPageTest"/>
  <testcase name="TestvalidateLoginFunction" time="13.027" classname="com.acti.Testcase.LoginPageTest"/>
  <testcase name="TestvalidateLoginFunction1" time="12.836" classname="com.acti.Testcase.LoginPageTest"/>
</testsuite> <!-- com.acti.Testcase.LoginPageTest -->
