<?xml version="1.0" encoding="UTF-8"?>
<!-- Generated by org.testng.reporters.JUnitReportReporter -->
<testsuite hostname="DESKTOP-QPB2JR7" name="com.acti.Base.DriverScript" tests="1" failures="0" timestamp="12 May 2020 18:13:42 GMT" time="15.097" errors="0">
  <testcase name="initApp" time="15.097" classname="com.acti.Base.DriverScript"/>
</testsuite> <!-- com.acti.Base.DriverScript -->
