<?xml version="1.0" encoding="UTF-8"?>
<!-- Generated by org.testng.reporters.JUnitReportReporter -->
<testsuite hostname="DESKTOP-QPB2JR7" name="com.acti.Testcase.TestCreateCustomer" tests="1" failures="0" timestamp="27 May 2020 19:27:16 GMT" time="26.542" errors="0">
  <testcase name="testCreateCustomer" time="26.542" classname="com.acti.Testcase.TestCreateCustomer"/>
</testsuite> <!-- com.acti.Testcase.TestCreateCustomer -->
