<?xml version="1.0" encoding="UTF-8"?>
<!-- Generated by org.testng.reporters.JUnitReportReporter -->
<testsuite hostname="DESKTOP-QPB2JR7" name="com.acti.Testcase.LoginPageTest" tests="4" failures="0" timestamp="27 May 2020 19:55:50 GMT" time="59.021" errors="0">
  <testcase name="TestvalidateLoginFunction1" time="13.273" classname="com.acti.Testcase.LoginPageTest"/>
  <testcase name="TestverifyactiLogo" time="13.299" classname="com.acti.Testcase.LoginPageTest"/>
  <testcase name="TestvalidateLoginFunction" time="19.547" classname="com.acti.Testcase.LoginPageTest"/>
  <testcase name="TestLoginPageTitle" time="12.902" classname="com.acti.Testcase.LoginPageTest"/>
</testsuite> <!-- com.acti.Testcase.LoginPageTest -->
