<?xml version="1.0" encoding="UTF-8"?>
<!-- Generated by org.testng.reporters.JUnitReportReporter -->
<testsuite hostname="DESKTOP-QPB2JR7" name="com.acti.Testcase.LoginPageTest" tests="3" failures="0" timestamp="20 May 2020 00:19:04 GMT" time="47.849" errors="0">
  <testcase name="TestLoginPageTitle" time="17.962" classname="com.acti.Testcase.LoginPageTest"/>
  <testcase name="TestverifyactiLogo" time="16.440" classname="com.acti.Testcase.LoginPageTest"/>
  <testcase name="TestvalidateLoginFunction" time="13.447" classname="com.acti.Testcase.LoginPageTest"/>
</testsuite> <!-- com.acti.Testcase.LoginPageTest -->
